
GET|2021-01-27T18:31:15.265Z|localhost:2010:/
GET|2021-01-27T18:38:32.626Z|localhost:2010:/
GET|2021-01-27T18:38:33.787Z|localhost:2010:/
GET|2021-01-27T18:38:34.408Z|localhost:2010:/
GET|2021-01-27T18:38:34.663Z|localhost:2010:/
GET|2021-01-27T18:38:34.870Z|localhost:2010:/
GET|2021-01-27T18:38:35.090Z|localhost:2010:/
GET|2021-01-27T19:26:32.206Z|localhost:2010:/
GET|2021-01-27T19:28:24.666Z|localhost:1256:/
GET|2021-01-27T19:31:20.189Z|localhost:8989:/
GET|2021-01-27T19:32:01.840Z|localhost:8989:/
GET|2021-01-27T19:32:02.746Z|localhost:8989:/
GET|2021-01-27T19:32:03.037Z|localhost:8989:/
GET|2021-01-27T19:32:03.369Z|localhost:8989:/
GET|2021-01-27T19:45:47.186Z|localhost:8989:/cursos.html
GET|2021-01-27T19:45:47.210Z|localhost:8989:/style.css
GET|2021-01-27T19:45:47.210Z|localhost:8989:/script.js
GET|2021-01-27T19:45:47.334Z|localhost:8989:/favicon.ico
GET|2021-01-27T19:45:47.960Z|localhost:8989:/cursos.html
GET|2021-01-27T19:45:47.974Z|localhost:8989:/style.css
GET|2021-01-27T19:45:47.975Z|localhost:8989:/script.js
GET|2021-01-27T19:45:48.019Z|localhost:8989:/favicon.ico
GET|2021-01-27T19:45:48.377Z|localhost:8989:/cursos.html
GET|2021-01-27T19:45:48.390Z|localhost:8989:/style.css
GET|2021-01-27T19:45:48.392Z|localhost:8989:/script.js
GET|2021-01-27T19:45:48.463Z|localhost:8989:/favicon.ico
GET|2021-01-27T19:46:50.385Z|localhost:8989:/index.html
GET|2021-01-27T19:46:50.398Z|localhost:8989:/style.css
GET|2021-01-27T19:46:50.399Z|localhost:8989:/script.js
GET|2021-01-27T19:46:50.458Z|localhost:8989:/favicon.ico
GET|2021-01-27T19:48:12.509Z|localhost:8989:/index.html
GET|2021-01-27T19:48:12.530Z|localhost:8989:/style.css
GET|2021-01-27T19:48:12.531Z|localhost:8989:/script.js
GET|2021-01-27T19:48:12.612Z|localhost:8989:/favicon.ico
GET|2021-01-27T19:48:44.273Z|localhost:8989:/index.html
GET|2021-01-27T19:48:44.288Z|localhost:8989:/style.css
GET|2021-01-27T19:48:44.289Z|localhost:8989:/script.js
GET|2021-01-27T19:48:44.367Z|localhost:8989:/favicon.ico
GET|2021-01-27T19:48:45.034Z|localhost:8989:/index.html
GET|2021-01-27T19:48:45.053Z|localhost:8989:/style.css
GET|2021-01-27T19:48:45.054Z|localhost:8989:/script.js
GET|2021-01-27T19:48:45.104Z|localhost:8989:/favicon.ico
GET|2021-01-27T19:48:54.674Z|localhost:8989:/index.html
GET|2021-01-27T19:48:54.709Z|localhost:8989:/style.css
GET|2021-01-27T19:48:54.709Z|localhost:8989:/script.js
GET|2021-01-27T19:48:54.772Z|localhost:8989:/favicon.ico
GET|2021-01-27T19:48:55.314Z|localhost:8989:/index.html
GET|2021-01-27T19:48:55.326Z|localhost:8989:/style.css
GET|2021-01-27T19:48:55.327Z|localhost:8989:/script.js
GET|2021-01-27T19:48:55.370Z|localhost:8989:/favicon.ico
GET|2021-01-27T19:48:55.544Z|localhost:8989:/index.html
GET|2021-01-27T19:48:55.558Z|localhost:8989:/style.css
GET|2021-01-27T19:48:55.558Z|localhost:8989:/script.js
GET|2021-01-27T19:48:55.610Z|localhost:8989:/favicon.ico
GET|2021-01-27T19:48:55.738Z|localhost:8989:/index.html
GET|2021-01-27T19:48:55.751Z|localhost:8989:/style.css
GET|2021-01-27T19:48:55.752Z|localhost:8989:/script.js
GET|2021-01-27T19:48:55.794Z|localhost:8989:/favicon.ico
GET|2021-01-27T19:48:55.940Z|localhost:8989:/index.html
GET|2021-01-27T19:48:55.955Z|localhost:8989:/style.css
GET|2021-01-27T19:48:55.958Z|localhost:8989:/script.js
GET|2021-01-27T19:48:56.054Z|localhost:8989:/favicon.ico
GET|2021-01-27T19:49:18.354Z|localhost:8989:/index.html
GET|2021-01-27T19:49:18.379Z|localhost:8989:/style.css
GET|2021-01-27T19:49:18.379Z|localhost:8989:/script.js
GET|2021-01-27T19:49:18.512Z|localhost:8989:/favicon.ico
GET|2021-01-27T19:49:19.202Z|localhost:8989:/index.html
GET|2021-01-27T19:49:19.220Z|localhost:8989:/style.css
GET|2021-01-27T19:49:19.221Z|localhost:8989:/script.js
GET|2021-01-27T19:49:19.260Z|localhost:8989:/favicon.ico
GET|2021-01-27T19:49:19.466Z|localhost:8989:/index.html
GET|2021-01-27T19:49:19.480Z|localhost:8989:/style.css
GET|2021-01-27T19:49:19.482Z|localhost:8989:/script.js
GET|2021-01-27T19:49:19.537Z|localhost:8989:/favicon.ico
GET|2021-01-27T19:49:19.674Z|localhost:8989:/index.html
GET|2021-01-27T19:49:19.690Z|localhost:8989:/style.css
GET|2021-01-27T19:49:19.690Z|localhost:8989:/script.js
GET|2021-01-27T19:49:19.740Z|localhost:8989:/favicon.ico
GET|2021-01-27T19:51:16.813Z|localhost:8989:/index.html
GET|2021-01-27T19:51:16.836Z|localhost:8989:/style.css
GET|2021-01-27T19:51:16.842Z|localhost:8989:/script.js
GET|2021-01-27T19:51:16.967Z|localhost:8989:/favicon.ico
GET|2021-01-27T19:51:17.665Z|localhost:8989:/index.html
GET|2021-01-27T19:51:17.679Z|localhost:8989:/style.css
GET|2021-01-27T19:51:17.680Z|localhost:8989:/script.js
GET|2021-01-27T19:51:17.725Z|localhost:8989:/favicon.ico
GET|2021-01-27T19:51:17.906Z|localhost:8989:/index.html
GET|2021-01-27T19:51:17.922Z|localhost:8989:/style.css
GET|2021-01-27T19:51:17.922Z|localhost:8989:/script.js
GET|2021-01-27T19:51:18.121Z|localhost:8989:/favicon.ico
GET|2021-01-27T19:51:18.290Z|localhost:8989:/index.html
GET|2021-01-27T19:51:18.302Z|localhost:8989:/style.css
GET|2021-01-27T19:51:18.302Z|localhost:8989:/script.js
GET|2021-01-27T19:51:18.353Z|localhost:8989:/favicon.ico
GET|2021-01-27T19:51:18.482Z|localhost:8989:/index.html
GET|2021-01-27T19:51:18.495Z|localhost:8989:/style.css
GET|2021-01-27T19:51:18.495Z|localhost:8989:/script.js
GET|2021-01-27T19:51:18.601Z|localhost:8989:/favicon.ico
GET|2021-01-27T19:51:18.687Z|localhost:8989:/index.html
GET|2021-01-27T19:51:18.700Z|localhost:8989:/style.css
GET|2021-01-27T19:51:18.701Z|localhost:8989:/script.js
GET|2021-01-27T19:51:18.737Z|localhost:8989:/favicon.ico
GET|2021-01-27T19:53:01.890Z|localhost:8989:/index.html
GET|2021-01-27T19:53:01.909Z|localhost:8989:/style.css
GET|2021-01-27T19:53:01.910Z|localhost:8989:/script.js
GET|2021-01-27T19:53:02.154Z|localhost:8989:/favicon.ico
GET|2021-01-27T19:53:46.292Z|localhost:8989:/index.html
GET|2021-01-27T19:53:46.314Z|localhost:8989:/style.css
GET|2021-01-27T19:53:46.323Z|localhost:8989:/script.js
GET|2021-01-27T19:53:46.475Z|localhost:8989:/favicon.ico
GET|2021-01-27T19:54:02.571Z|localhost:8989:/index.html
GET|2021-01-27T19:54:02.595Z|localhost:8989:/style.css
GET|2021-01-27T19:54:02.595Z|localhost:8989:/script.js
GET|2021-01-27T19:54:02.661Z|localhost:8989:/favicon.ico
GET|2021-01-27T19:54:49.696Z|localhost:8989:/index.html
GET|2021-01-27T19:54:49.713Z|localhost:8989:/style.css
GET|2021-01-27T19:54:49.716Z|localhost:8989:/script.js
GET|2021-01-27T19:54:49.808Z|localhost:8989:/favicon.ico
GET|2021-01-27T19:54:50.359Z|localhost:8989:/index.html
GET|2021-01-27T19:54:50.372Z|localhost:8989:/style.css
GET|2021-01-27T19:54:50.373Z|localhost:8989:/script.js
GET|2021-01-27T19:54:50.509Z|localhost:8989:/favicon.ico
GET|2021-01-27T19:54:50.567Z|localhost:8989:/index.html
GET|2021-01-27T19:54:50.580Z|localhost:8989:/style.css
GET|2021-01-27T19:54:50.581Z|localhost:8989:/script.js
GET|2021-01-27T19:54:50.616Z|localhost:8989:/favicon.ico
GET|2021-01-27T19:54:50.785Z|localhost:8989:/index.html
GET|2021-01-27T19:54:50.801Z|localhost:8989:/style.css
GET|2021-01-27T19:54:50.802Z|localhost:8989:/script.js
GET|2021-01-27T19:54:50.891Z|localhost:8989:/favicon.ico
GET|2021-01-27T19:54:50.983Z|localhost:8989:/index.html
GET|2021-01-27T19:54:50.994Z|localhost:8989:/style.css
GET|2021-01-27T19:54:50.995Z|localhost:8989:/script.js
GET|2021-01-27T19:54:51.044Z|localhost:8989:/favicon.ico
GET|2021-01-27T19:55:18.033Z|localhost:8989:/index.html
GET|2021-01-27T19:55:18.045Z|localhost:8989:/style.css
GET|2021-01-27T19:55:18.045Z|localhost:8989:/script.js
GET|2021-01-27T19:55:18.106Z|localhost:8989:/favicon.ico
GET|2021-01-27T19:55:19.447Z|localhost:8989:/index.html
GET|2021-01-27T19:55:19.463Z|localhost:8989:/style.css
GET|2021-01-27T19:55:19.464Z|localhost:8989:/script.js
GET|2021-01-27T19:55:19.523Z|localhost:8989:/favicon.ico
GET|2021-01-27T19:55:19.907Z|localhost:8989:/index.html
GET|2021-01-27T19:55:19.925Z|localhost:8989:/style.css
GET|2021-01-27T19:55:19.926Z|localhost:8989:/script.js
GET|2021-01-27T19:55:19.965Z|localhost:8989:/favicon.ico
GET|2021-01-27T19:55:20.144Z|localhost:8989:/index.html
GET|2021-01-27T19:55:20.157Z|localhost:8989:/style.css
GET|2021-01-27T19:55:20.159Z|localhost:8989:/script.js
GET|2021-01-27T19:55:20.209Z|localhost:8989:/favicon.ico
GET|2021-01-27T19:55:34.275Z|localhost:8989:/style.css
GET|2021-01-27T19:56:39.583Z|localhost:8989:/index.html
GET|2021-01-27T19:56:39.600Z|localhost:8989:/style.css
GET|2021-01-27T19:56:39.600Z|localhost:8989:/script.js
GET|2021-01-27T19:56:39.661Z|localhost:8989:/favicon.ico
GET|2021-01-27T19:56:46.616Z|localhost:8989:/index.html
GET|2021-01-27T19:56:46.631Z|localhost:8989:/style.css
GET|2021-01-27T19:56:46.631Z|localhost:8989:/script.js
GET|2021-01-27T19:56:46.691Z|localhost:8989:/favicon.ico
GET|2021-01-27T19:57:16.233Z|localhost:8989:/index.html
GET|2021-01-27T19:57:16.250Z|localhost:8989:/style.css
GET|2021-01-27T19:57:16.251Z|localhost:8989:/script.js
GET|2021-01-27T19:57:16.437Z|localhost:8989:/favicon.ico
GET|2021-01-27T19:57:17.047Z|localhost:8989:/index.html
GET|2021-01-27T19:57:17.061Z|localhost:8989:/style.css
GET|2021-01-27T19:57:17.061Z|localhost:8989:/script.js
GET|2021-01-27T19:57:17.122Z|localhost:8989:/favicon.ico
GET|2021-01-27T19:57:28.280Z|localhost:8989:/index.html
GET|2021-01-27T19:57:28.294Z|localhost:8989:/style.css
GET|2021-01-27T19:57:28.294Z|localhost:8989:/script.js
GET|2021-01-27T19:57:28.398Z|localhost:8989:/favicon.ico
GET|2021-01-27T19:58:13.240Z|localhost:8989:/index.html
GET|2021-01-27T19:58:13.267Z|localhost:8989:/style.css
GET|2021-01-27T19:58:13.267Z|localhost:8989:/script.js
GET|2021-01-27T19:58:13.321Z|localhost:8989:/favicon.ico
GET|2021-01-27T19:58:48.214Z|localhost:8989:/index.html
GET|2021-01-27T19:58:48.229Z|localhost:8989:/style.css
GET|2021-01-27T19:58:48.229Z|localhost:8989:/script.js
GET|2021-01-27T19:58:48.350Z|localhost:8989:/favicon.ico
GET|2021-01-27T19:58:49.350Z|localhost:8989:/index.html
GET|2021-01-27T19:58:49.361Z|localhost:8989:/style.css
GET|2021-01-27T19:58:49.361Z|localhost:8989:/script.js
GET|2021-01-27T19:58:49.401Z|localhost:8989:/favicon.ico
GET|2021-01-27T19:59:04.662Z|localhost:8989:/index.html
GET|2021-01-27T19:59:04.695Z|localhost:8989:/style.css
GET|2021-01-27T19:59:04.703Z|localhost:8989:/script.js
GET|2021-01-27T19:59:04.787Z|localhost:8989:/favicon.ico
GET|2021-01-27T19:59:05.272Z|localhost:8989:/index.html
GET|2021-01-27T19:59:05.289Z|localhost:8989:/style.css
GET|2021-01-27T19:59:05.291Z|localhost:8989:/script.js
GET|2021-01-27T19:59:05.357Z|localhost:8989:/favicon.ico
GET|2021-01-27T19:59:05.505Z|localhost:8989:/index.html
GET|2021-01-27T19:59:05.529Z|localhost:8989:/style.css
GET|2021-01-27T19:59:05.530Z|localhost:8989:/script.js
GET|2021-01-27T19:59:05.588Z|localhost:8989:/favicon.ico
GET|2021-01-27T19:59:05.776Z|localhost:8989:/index.html
GET|2021-01-27T19:59:05.788Z|localhost:8989:/style.css
GET|2021-01-27T19:59:05.789Z|localhost:8989:/script.js
GET|2021-01-27T19:59:05.963Z|localhost:8989:/favicon.ico
GET|2021-01-27T19:59:23.046Z|localhost:8989:/index.html
GET|2021-01-27T19:59:23.061Z|localhost:8989:/style.css
GET|2021-01-27T19:59:23.063Z|localhost:8989:/script.js
GET|2021-01-27T19:59:23.145Z|localhost:8989:/favicon.ico
GET|2021-01-27T19:59:23.696Z|localhost:8989:/index.html
GET|2021-01-27T19:59:23.710Z|localhost:8989:/style.css
GET|2021-01-27T19:59:23.710Z|localhost:8989:/script.js
GET|2021-01-27T19:59:23.815Z|localhost:8989:/favicon.ico
GET|2021-01-27T19:59:43.352Z|localhost:8989:/index.html
GET|2021-01-27T19:59:43.367Z|localhost:8989:/style.css
GET|2021-01-27T19:59:43.367Z|localhost:8989:/script.js
GET|2021-01-27T19:59:43.431Z|localhost:8989:/favicon.ico
GET|2021-01-27T19:59:50.336Z|localhost:8989:/index.html
GET|2021-01-27T19:59:50.349Z|localhost:8989:/style.css
GET|2021-01-27T19:59:50.349Z|localhost:8989:/script.js
GET|2021-01-27T19:59:50.402Z|localhost:8989:/favicon.ico
GET|2021-01-27T20:00:23.481Z|localhost:8989:/index.html
GET|2021-01-27T20:00:23.504Z|localhost:8989:/style.css
GET|2021-01-27T20:00:23.505Z|localhost:8989:/script.js
GET|2021-01-27T20:00:23.572Z|localhost:8989:/favicon.ico
GET|2021-01-27T20:00:24.112Z|localhost:8989:/index.html
GET|2021-01-27T20:00:24.127Z|localhost:8989:/style.css
GET|2021-01-27T20:00:24.127Z|localhost:8989:/script.js
GET|2021-01-27T20:00:24.211Z|localhost:8989:/favicon.ico
GET|2021-01-27T20:00:24.326Z|localhost:8989:/index.html
GET|2021-01-27T20:00:24.336Z|localhost:8989:/style.css
GET|2021-01-27T20:00:24.337Z|localhost:8989:/script.js
GET|2021-01-27T20:00:24.385Z|localhost:8989:/favicon.ico
GET|2021-01-27T20:00:24.535Z|localhost:8989:/index.html
GET|2021-01-27T20:00:24.548Z|localhost:8989:/style.css
GET|2021-01-27T20:00:24.548Z|localhost:8989:/script.js
GET|2021-01-27T20:00:24.594Z|localhost:8989:/favicon.ico
GET|2021-01-27T20:01:09.815Z|localhost:8989:/index.html
GET|2021-01-27T20:01:09.831Z|localhost:8989:/style.css
GET|2021-01-27T20:01:09.831Z|localhost:8989:/script.js
GET|2021-01-27T20:01:09.920Z|localhost:8989:/favicon.ico
GET|2021-01-27T20:01:10.822Z|localhost:8989:/index.html
GET|2021-01-27T20:01:10.837Z|localhost:8989:/style.css
GET|2021-01-27T20:01:10.837Z|localhost:8989:/script.js
GET|2021-01-27T20:01:10.891Z|localhost:8989:/favicon.ico
GET|2021-01-27T20:01:34.510Z|localhost:8989:/index.html
GET|2021-01-27T20:01:34.537Z|localhost:8989:/style.css
GET|2021-01-27T20:01:34.537Z|localhost:8989:/script.js
GET|2021-01-27T20:01:34.596Z|localhost:8989:/favicon.ico
GET|2021-01-27T20:01:52.200Z|localhost:8989:/index.html
GET|2021-01-27T20:01:52.216Z|localhost:8989:/style.css
GET|2021-01-27T20:01:52.217Z|localhost:8989:/script.js
GET|2021-01-27T20:01:52.288Z|localhost:8989:/favicon.ico
GET|2021-01-27T20:01:52.816Z|localhost:8989:/index.html
GET|2021-01-27T20:01:52.834Z|localhost:8989:/style.css
GET|2021-01-27T20:01:52.837Z|localhost:8989:/script.js
GET|2021-01-27T20:01:52.888Z|localhost:8989:/favicon.ico
GET|2021-01-27T20:01:53.128Z|localhost:8989:/index.html
GET|2021-01-27T20:01:53.146Z|localhost:8989:/style.css
GET|2021-01-27T20:01:53.147Z|localhost:8989:/script.js
GET|2021-01-27T20:01:53.212Z|localhost:8989:/favicon.ico
GET|2021-01-27T20:01:53.387Z|localhost:8989:/index.html
GET|2021-01-27T20:01:53.411Z|localhost:8989:/style.css
GET|2021-01-27T20:01:53.411Z|localhost:8989:/script.js
GET|2021-01-27T20:01:53.449Z|localhost:8989:/favicon.ico
GET|2021-01-27T21:34:24.096Z|localhost:8989:/index.html
GET|2021-01-27T21:34:24.146Z|localhost:8989:/style.css
GET|2021-01-27T21:34:24.146Z|localhost:8989:/script.js
GET|2021-01-27T21:34:24.532Z|localhost:8989:/favicon.ico
GET|2021-01-27T21:43:12.272Z|localhost:8989:/index.html
GET|2021-01-27T21:43:12.297Z|localhost:8989:/style.css
GET|2021-01-27T21:43:12.298Z|localhost:8989:/script.js
GET|2021-01-27T21:43:13.119Z|localhost:8989:/favicon.ico
GET|2021-01-27T21:43:36.729Z|localhost:8989:/index.html
GET|2021-01-27T21:43:36.742Z|localhost:8989:/style.css
GET|2021-01-27T21:43:36.743Z|localhost:8989:/script.js
GET|2021-01-27T21:43:37.100Z|localhost:8989:/favicon.ico
GET|2021-01-27T21:46:45.071Z|localhost:8989:/index.html
GET|2021-01-27T21:46:45.095Z|localhost:8989:/style.css
GET|2021-01-27T21:46:45.095Z|localhost:8989:/script.js
GET|2021-01-27T21:46:45.148Z|localhost:8989:/favicon.ico
GET|2021-01-27T21:46:56.864Z|localhost:8989:/index.html
GET|2021-01-27T21:46:56.878Z|localhost:8989:/style.css
GET|2021-01-27T21:46:56.878Z|localhost:8989:/script.js
GET|2021-01-27T21:46:56.964Z|localhost:8989:/favicon.ico
GET|2021-01-27T21:49:36.008Z|localhost:8989:/index.html
GET|2021-01-27T21:49:36.027Z|localhost:8989:/style.css
GET|2021-01-27T21:49:36.027Z|localhost:8989:/script.js
GET|2021-01-27T21:49:36.076Z|localhost:8989:/favicon.ico
GET|2021-01-27T21:49:36.705Z|localhost:8989:/index.html
GET|2021-01-27T21:49:36.720Z|localhost:8989:/style.css
GET|2021-01-27T21:49:36.722Z|localhost:8989:/script.js
GET|2021-01-27T21:49:36.755Z|localhost:8989:/favicon.ico
GET|2021-01-27T21:49:47.679Z|localhost:8989:/index.html
GET|2021-01-27T21:49:47.691Z|localhost:8989:/style.css
GET|2021-01-27T21:49:47.691Z|localhost:8989:/script.js
GET|2021-01-27T21:49:47.738Z|localhost:8989:/favicon.ico
GET|2021-01-27T21:49:59.589Z|localhost:8989:/style.css
GET|2021-01-27T21:51:16.522Z|localhost:8989:/index.html
GET|2021-01-27T21:51:16.543Z|localhost:8989:/style.css
GET|2021-01-27T21:51:16.543Z|localhost:8989:/script.js
GET|2021-01-27T21:51:16.830Z|localhost:8989:/favicon.ico
GET|2021-01-27T21:52:29.180Z|localhost:8989:/index.html
GET|2021-01-27T21:52:29.212Z|localhost:8989:/style.css
GET|2021-01-27T21:52:29.213Z|localhost:8989:/script.js
GET|2021-01-27T21:52:29.319Z|localhost:8989:/favicon.ico
GET|2021-01-27T21:52:30.513Z|localhost:8989:/index.html
GET|2021-01-27T21:52:30.535Z|localhost:8989:/style.css
GET|2021-01-27T21:52:30.536Z|localhost:8989:/script.js
GET|2021-01-27T21:52:30.644Z|localhost:8989:/favicon.ico
GET|2021-01-27T21:52:31.279Z|localhost:8989:/index.html
GET|2021-01-27T21:52:31.291Z|localhost:8989:/style.css
GET|2021-01-27T21:52:31.294Z|localhost:8989:/script.js
GET|2021-01-27T21:52:31.363Z|localhost:8989:/favicon.ico
GET|2021-01-27T21:52:36.839Z|localhost:8989:/index.html
GET|2021-01-27T21:52:36.858Z|localhost:8989:/style.css
GET|2021-01-27T21:52:36.858Z|localhost:8989:/script.js
GET|2021-01-27T21:52:37.115Z|localhost:8989:/favicon.ico
GET|2021-01-27T21:52:38.131Z|localhost:8989:/index.html
GET|2021-01-27T21:52:38.149Z|localhost:8989:/style.css
GET|2021-01-27T21:52:38.149Z|localhost:8989:/script.js
GET|2021-01-27T21:52:38.286Z|localhost:8989:/favicon.ico
GET|2021-01-27T21:52:39.314Z|localhost:8989:/index.html
GET|2021-01-27T21:52:39.331Z|localhost:8989:/style.css
GET|2021-01-27T21:52:39.334Z|localhost:8989:/script.js
GET|2021-01-27T21:52:39.388Z|localhost:8989:/favicon.ico
GET|2021-01-27T21:52:57.568Z|localhost:8989:/index.html
GET|2021-01-27T21:52:57.583Z|localhost:8989:/style.css
GET|2021-01-27T21:52:57.583Z|localhost:8989:/script.js
GET|2021-01-27T21:52:57.664Z|localhost:8989:/favicon.ico
GET|2021-01-27T21:52:58.225Z|localhost:8989:/index.html
GET|2021-01-27T21:52:58.239Z|localhost:8989:/style.css
GET|2021-01-27T21:52:58.241Z|localhost:8989:/script.js
GET|2021-01-27T21:52:58.312Z|localhost:8989:/favicon.ico
GET|2021-01-27T21:53:01.105Z|localhost:8989:/index.html
GET|2021-01-27T21:53:01.125Z|localhost:8989:/style.css
GET|2021-01-27T21:53:01.125Z|localhost:8989:/script.js
GET|2021-01-27T21:53:01.222Z|localhost:8989:/favicon.ico
GET|2021-01-27T21:53:01.822Z|localhost:8989:/index.html
GET|2021-01-27T21:53:01.837Z|localhost:8989:/style.css
GET|2021-01-27T21:53:01.841Z|localhost:8989:/script.js
GET|2021-01-27T21:53:01.903Z|localhost:8989:/favicon.ico
GET|2021-01-27T21:53:02.400Z|localhost:8989:/index.html
GET|2021-01-27T21:53:02.414Z|localhost:8989:/style.css
GET|2021-01-27T21:53:02.414Z|localhost:8989:/script.js
GET|2021-01-27T21:53:02.453Z|localhost:8989:/favicon.ico
GET|2021-01-27T21:53:31.480Z|localhost:8989:/index.html
GET|2021-01-27T21:53:31.511Z|localhost:8989:/style.css
GET|2021-01-27T21:53:31.511Z|localhost:8989:/script.js
GET|2021-01-27T21:53:31.573Z|localhost:8989:/favicon.ico
GET|2021-01-27T21:53:32.448Z|localhost:8989:/index.html
GET|2021-01-27T21:53:32.467Z|localhost:8989:/style.css
GET|2021-01-27T21:53:32.470Z|localhost:8989:/script.js
GET|2021-01-27T21:53:32.558Z|localhost:8989:/favicon.ico
GET|2021-01-27T21:53:50.720Z|localhost:8989:/index.html
GET|2021-01-27T21:53:50.732Z|localhost:8989:/style.css
GET|2021-01-27T21:53:50.733Z|localhost:8989:/script.js
GET|2021-01-27T21:53:50.851Z|localhost:8989:/favicon.ico
GET|2021-01-27T21:53:51.648Z|localhost:8989:/index.html
GET|2021-01-27T21:53:51.661Z|localhost:8989:/style.css
GET|2021-01-27T21:53:51.661Z|localhost:8989:/script.js
GET|2021-01-27T21:53:51.712Z|localhost:8989:/favicon.ico
GET|2021-01-27T21:54:01.223Z|localhost:8989:/index.html
GET|2021-01-27T21:54:01.235Z|localhost:8989:/style.css
GET|2021-01-27T21:54:01.235Z|localhost:8989:/script.js
GET|2021-01-27T21:54:01.422Z|localhost:8989:/favicon.ico
GET|2021-01-27T21:54:02.280Z|localhost:8989:/index.html
GET|2021-01-27T21:54:02.299Z|localhost:8989:/style.css
GET|2021-01-27T21:54:02.302Z|localhost:8989:/script.js
GET|2021-01-27T21:54:02.439Z|localhost:8989:/favicon.ico
GET|2021-01-27T21:54:25.966Z|localhost:8989:/index.html
GET|2021-01-27T21:54:25.981Z|localhost:8989:/style.css
GET|2021-01-27T21:54:25.981Z|localhost:8989:/script.js
GET|2021-01-27T21:54:26.071Z|localhost:8989:/favicon.ico
GET|2021-01-27T21:54:59.289Z|localhost:8989:/index.html
GET|2021-01-27T21:54:59.302Z|localhost:8989:/style.css
GET|2021-01-27T21:54:59.303Z|localhost:8989:/script.js
GET|2021-01-27T21:54:59.715Z|localhost:8989:/favicon.ico
GET|2021-01-27T21:55:13.390Z|localhost:8989:/index.html
GET|2021-01-27T21:55:13.402Z|localhost:8989:/style.css
GET|2021-01-27T21:55:13.403Z|localhost:8989:/script.js
GET|2021-01-27T21:55:13.465Z|localhost:8989:/favicon.ico
GET|2021-01-27T21:55:22.846Z|localhost:8989:/index.html
GET|2021-01-27T21:55:22.857Z|localhost:8989:/style.css
GET|2021-01-27T21:55:22.857Z|localhost:8989:/script.js
GET|2021-01-27T21:55:23.228Z|localhost:8989:/favicon.ico
GET|2021-01-27T21:55:39.822Z|localhost:8989:/index.html
GET|2021-01-27T21:55:39.846Z|localhost:8989:/style.css
GET|2021-01-27T21:55:39.847Z|localhost:8989:/script.js
GET|2021-01-27T21:55:39.902Z|localhost:8989:/favicon.ico
GET|2021-01-27T21:56:33.680Z|localhost:8989:/index.html
GET|2021-01-27T21:56:33.696Z|localhost:8989:/style.css
GET|2021-01-27T21:56:33.697Z|localhost:8989:/script.js
GET|2021-01-27T21:56:33.779Z|localhost:8989:/favicon.ico
GET|2021-01-27T21:56:42.510Z|localhost:8989:/index.html
GET|2021-01-27T21:56:42.535Z|localhost:8989:/style.css
GET|2021-01-27T21:56:42.535Z|localhost:8989:/script.js
GET|2021-01-27T21:56:42.597Z|localhost:8989:/favicon.ico
GET|2021-01-27T21:56:56.462Z|localhost:8989:/index.html
GET|2021-01-27T21:56:56.474Z|localhost:8989:/style.css
GET|2021-01-27T21:56:56.474Z|localhost:8989:/script.js
GET|2021-01-27T21:56:56.537Z|localhost:8989:/favicon.ico
GET|2021-01-27T21:57:40.583Z|localhost:8989:/index.html
GET|2021-01-27T21:57:40.597Z|localhost:8989:/style.css
GET|2021-01-27T21:57:40.597Z|localhost:8989:/script.js
GET|2021-01-27T21:57:40.644Z|localhost:8989:/favicon.ico
GET|2021-01-27T21:58:10.634Z|localhost:8989:/index.html
GET|2021-01-27T21:58:10.654Z|localhost:8989:/style.css
GET|2021-01-27T21:58:10.655Z|localhost:8989:/script.js
GET|2021-01-27T21:58:10.721Z|localhost:8989:/favicon.ico
GET|2021-01-27T21:58:11.416Z|localhost:8989:/index.html
GET|2021-01-27T21:58:11.436Z|localhost:8989:/style.css
GET|2021-01-27T21:58:11.437Z|localhost:8989:/script.js
GET|2021-01-27T21:58:11.487Z|localhost:8989:/favicon.ico
GET|2021-01-27T21:59:17.966Z|localhost:8989:/index.html
GET|2021-01-27T21:59:17.990Z|localhost:8989:/style.css
GET|2021-01-27T21:59:17.991Z|localhost:8989:/script.js
GET|2021-01-27T21:59:18.059Z|localhost:8989:/favicon.ico
GET|2021-01-27T21:59:46.685Z|localhost:8989:/index.html
GET|2021-01-27T21:59:46.699Z|localhost:8989:/style.css
GET|2021-01-27T21:59:46.699Z|localhost:8989:/script.js
GET|2021-01-27T21:59:46.771Z|localhost:8989:/favicon.ico
GET|2021-01-27T22:00:02.629Z|localhost:8989:/index.html
GET|2021-01-27T22:00:02.643Z|localhost:8989:/style.css
GET|2021-01-27T22:00:02.650Z|localhost:8989:/script.js
GET|2021-01-27T22:00:02.747Z|localhost:8989:/favicon.ico
GET|2021-01-27T22:00:33.130Z|localhost:8989:/index.html
GET|2021-01-27T22:00:33.159Z|localhost:8989:/style.css
GET|2021-01-27T22:00:33.159Z|localhost:8989:/script.js
GET|2021-01-27T22:00:33.214Z|localhost:8989:/favicon.ico
GET|2021-01-27T22:00:47.973Z|localhost:8989:/index.html
GET|2021-01-27T22:00:47.989Z|localhost:8989:/style.css
GET|2021-01-27T22:00:47.989Z|localhost:8989:/script.js
GET|2021-01-27T22:00:48.035Z|localhost:8989:/favicon.ico
GET|2021-01-27T22:17:51.844Z|localhost:8989:/index.html
GET|2021-01-27T22:17:51.865Z|localhost:8989:/style.css
GET|2021-01-27T22:17:51.866Z|localhost:8989:/script.js
GET|2021-01-27T22:17:52.436Z|localhost:8989:/favicon.ico
GET|2021-01-27T22:20:28.147Z|localhost:8989:/index.html
GET|2021-01-27T22:20:28.163Z|localhost:8989:/style.css
GET|2021-01-27T22:20:28.164Z|localhost:8989:/script.js
GET|2021-01-27T22:20:28.225Z|localhost:8989:/favicon.ico